<?xml version="1.0" encoding="UTF-8"?>
<!-- Generated by org.testng.reporters.JUnitXMLReporter -->
<testsuite ignored="0" hostname="SL2" failures="0" tests="3" name="ModuleOneTest" time="5.811" errors="0" timestamp="2026-02-17T12:23:58 IST">
  <testcase classname="ParallelRun.SampleOne" name="method1" time="3.833"/>
  <testcase classname="ParallelRun.SampleOne" name="method2" time="4.027"/>
  <testcase classname="ParallelRun.SampleOne" name="method3" time="1.77"/>
</testsuite> <!-- ModuleOneTest -->
