<?xml version="1.0" encoding="UTF-8"?>
<testng-results ignored="1" total="2" passed="1" failed="0" skipped="0">
  <reporter-output>
  </reporter-output>
  <suite started-at="2026-03-03T11:56:57 IST" name="Default suite" finished-at="2026-03-03T11:57:09 IST" duration-ms="12038">
    <groups>
      <group name="sanityTest">
        <method signature="AlrtBox.f()[pri:0, instance:TestScript.AlrtBox@7586beff]" name="f" class="TestScript.AlrtBox"/>
      </group> <!-- sanityTest -->
    </groups>
    <test started-at="2026-03-03T11:56:57 IST" name="Default test" finished-at="2026-03-03T11:57:09 IST" duration-ms="12038">
      <class name="TestScript.AlrtBox">
        <test-method signature="f()[pri:0, instance:TestScript.AlrtBox@7586beff]" started-at="2026-03-03T11:56:57 IST" name="f" finished-at="2026-03-03T11:57:09 IST" duration-ms="11926" status="PASS">
          <reporter-output>
          </reporter-output>
        </test-method> <!-- f -->
      </class> <!-- TestScript.AlrtBox -->
    </test> <!-- Default test -->
  </suite> <!-- Default suite -->
</testng-results>
