<?xml version="1.0" encoding="UTF-8"?>
<testng-results ignored="0" total="1" passed="1" failed="0" skipped="0">
  <reporter-output>
  </reporter-output>
  <suite started-at="2026-03-05T10:26:58 IST" name="SampleSuite" finished-at="2026-03-05T10:27:11 IST" duration-ms="12706">
    <groups>
    </groups>
    <test started-at="2026-03-05T10:26:58 IST" name="ModuleTwoTest" finished-at="2026-03-05T10:27:11 IST" duration-ms="12706">
      <class name="TestScript.FirstSampleTest">
        <test-method signature="loginTest()[pri:0, instance:TestScript.FirstSampleTest@4c402120]" started-at="2026-03-05T10:26:58 IST" name="loginTest" finished-at="2026-03-05T10:27:11 IST" duration-ms="12610" status="PASS">
          <reporter-output>
          </reporter-output>
        </test-method> <!-- loginTest -->
      </class> <!-- TestScript.FirstSampleTest -->
    </test> <!-- ModuleTwoTest -->
  </suite> <!-- SampleSuite -->
</testng-results>
