<?xml version="1.0" encoding="UTF-8"?>
<!-- Generated by org.testng.reporters.JUnitReportReporter -->
<testsuite hostname="SL2" failures="0" tests="3" name="ParallelRun.SampleOne" time="9.630" errors="0" timestamp="2026-02-17T12:24:06 IST" skipped="0">
  <testcase classname="ParallelRun.SampleOne" name="method3" time="1.770"/>
  <testcase classname="ParallelRun.SampleOne" name="method2" time="4.027"/>
  <testcase classname="ParallelRun.SampleOne" name="method1" time="3.833"/>
</testsuite> <!-- ParallelRun.SampleOne -->
