<?xml version="1.0" encoding="UTF-8"?>
<!-- Generated by org.testng.reporters.JUnitReportReporter -->
<testsuite hostname="SL2" failures="0" tests="5" name="ParallelRun.SampleTwo" time="14.174" errors="0" timestamp="2026-02-17T12:24:06 IST" skipped="0">
  <testcase classname="ParallelRun.SampleTwo" name="method14" time="3.022"/>
  <testcase classname="ParallelRun.SampleTwo" name="method12" time="2.477"/>
  <testcase classname="ParallelRun.SampleTwo" name="method11" time="3.142"/>
  <testcase classname="ParallelRun.SampleTwo" name="method13" time="2.519"/>
  <testcase classname="ParallelRun.SampleTwo" name="method15" time="3.014"/>
</testsuite> <!-- ParallelRun.SampleTwo -->
