<?xml version="1.0" encoding="UTF-8"?>
<!-- Generated by org.testng.reporters.JUnitReportReporter -->
<testsuite hostname="SL2" failures="0" tests="2" name="TestScript.fileUpld" time="26.978" errors="1" timestamp="2026-02-19T11:01:48 IST" skipped="0">
  <testcase classname="TestScript.fileUpld" name="dwnld" time="11.434">
    <error message="
Couldn&#039;t find a constructor in class TestScript.Day8IRetryAnal$MyRetry" type="org.testng.TestNGException">
      <![CDATA[org.testng.TestNGException: 
Couldn't find a constructor in class TestScript.Day8IRetryAnal$MyRetry
at org.testng.internal.objects.InstanceCreator.newInstance(InstanceCreator.java:59)
at org.testng.ITestObjectFactory.newInstance(ITestObjectFactory.java:10)
at org.testng.internal.objects.SimpleObjectDispenser.dispense(SimpleObjectDispenser.java:61)
at org.testng.internal.objects.GuiceBasedObjectDispenser.dispenseObject(GuiceBasedObjectDispenser.java:41)
at org.testng.internal.objects.GuiceBasedObjectDispenser.dispense(GuiceBasedObjectDispenser.java:31)
at org.testng.internal.BaseTestMethod.computeRetryAnalyzerInstanceToUse(BaseTestMethod.java:868)
at org.testng.internal.BaseTestMethod.getRetryAnalyzerConsideringMethodParameters(BaseTestMethod.java:832)
at org.testng.internal.BaseTestMethod.getRetryAnalyzer(BaseTestMethod.java:693)
at org.testng.internal.invokers.TestInvoker.shouldRetryTestMethod(TestInvoker.java:573)
at org.testng.internal.invokers.TestInvoker.invokeMethod(TestInvoker.java:750)
at org.testng.internal.invokers.TestInvoker.invokeTestMethod(TestInvoker.java:230)
at org.testng.internal.invokers.MethodRunner.runInSequence(MethodRunner.java:63)
at org.testng.internal.invokers.TestInvoker$MethodInvocationAgent.invoke(TestInvoker.java:995)
at org.testng.internal.invokers.TestInvoker.invokeTestMethods(TestInvoker.java:203)
at org.testng.internal.invokers.TestMethodWorker.invokeTestMethods(TestMethodWorker.java:154)
at org.testng.internal.invokers.TestMethodWorker.run(TestMethodWorker.java:134)
at java.base/java.util.ArrayList.forEach(ArrayList.java:1511)
at org.testng.TestRunner.privateRun(TestRunner.java:741)
at org.testng.TestRunner.run(TestRunner.java:616)
at org.testng.SuiteRunner.runTest(SuiteRunner.java:421)
at org.testng.SuiteRunner.runSequentially(SuiteRunner.java:413)
at org.testng.SuiteRunner.privateRun(SuiteRunner.java:373)
at org.testng.SuiteRunner.run(SuiteRunner.java:312)
at org.testng.SuiteRunnerWorker.runSuite(SuiteRunnerWorker.java:52)
at org.testng.SuiteRunnerWorker.run(SuiteRunnerWorker.java:95)
at org.testng.TestNG.runSuitesSequentially(TestNG.java:1274)
at org.testng.TestNG.runSuitesLocally(TestNG.java:1208)
at org.testng.TestNG.runSuites(TestNG.java:1112)
at org.testng.TestNG.run(TestNG.java:1079)
at org.testng.remote.AbstractRemoteTestNG.run(AbstractRemoteTestNG.java:115)
at org.testng.remote.RemoteTestNG.initAndRun(RemoteTestNG.java:293)
at org.testng.remote.RemoteTestNG.main(RemoteTestNG.java:91)
]]>
    </error>
  </testcase> <!-- dwnld -->
  <testcase classname="TestScript.fileUpld" name="upld" time="15.544"/>
</testsuite> <!-- TestScript.fileUpld -->
