<?xml version="1.0" encoding="UTF-8"?>
<!-- Generated by org.testng.reporters.JUnitReportReporter -->
<testsuite hostname="SL2" failures="0" tests="3" name="TestScript.Day7LoginPage" time="13.556" errors="0" timestamp="2026-02-18T12:31:11 IST" skipped="0">
  <testcase classname="TestScript.Day7LoginPage" name="login" time="2.862"/>
  <testcase classname="TestScript.Day7LoginPage" name="login" time="3.730"/>
  <testcase classname="TestScript.Day7LoginPage" name="login" time="6.964"/>
</testsuite> <!-- TestScript.Day7LoginPage -->
